\BOOKMARK [1][-]{section.1}{\376\377\000F\000e\000b\000r\000u\000a\000r\000y\000\040\0001\0008\000,\000\040\0002\0000\0002\0001}{}% 1
\BOOKMARK [1][-]{section.2}{\376\377\000F\000e\000b\000r\000u\000a\000r\000y\000\040\0002\0003\000,\000\040\0002\0000\0002\0001}{}% 2
\BOOKMARK [1][-]{section.3}{\376\377\000F\000e\000b\000r\000u\000a\000r\000y\000\040\0002\0005\000,\000\040\0002\0000\0002\0001}{}% 3
\BOOKMARK [1][-]{section.4}{\376\377\000M\000a\000r\000c\000h\000\040\0002\000,\000\040\0002\0000\0002\0001}{}% 4
\BOOKMARK [1][-]{section.5}{\376\377\000M\000a\000r\000c\000h\000\040\0004\000,\000\040\0002\0000\0002\0001}{}% 5
\BOOKMARK [1][-]{section.6}{\376\377\000M\000a\000r\000c\000h\000\040\0001\0001\000,\000\040\0002\0000\0002\0001}{}% 6
\BOOKMARK [1][-]{section.7}{\376\377\000M\000a\000r\000c\000h\000\040\0001\0006\000,\000\040\0002\0000\0002\0001}{}% 7
\BOOKMARK [1][-]{section.8}{\376\377\000M\000a\000r\000c\000h\000\040\0001\0008\000,\000\040\0002\0000\0002\0001}{}% 8
\BOOKMARK [1][-]{section.9}{\376\377\000M\000a\000r\000c\000h\000\040\0002\0003\000,\000\040\0002\0000\0002\0001}{}% 9
\BOOKMARK [1][-]{section.10}{\376\377\000M\000a\000r\000c\000h\000\040\0003\0000\000,\000\040\0002\0000\0002\0001}{}% 10
\BOOKMARK [1][-]{section.11}{\376\377\000A\000p\000r\000i\000l\000\040\0001\000,\000\040\0002\0000\0002\0001}{}% 11
\BOOKMARK [1][-]{section.12}{\376\377\000A\000p\000r\000i\000l\000\040\0006\000,\000\040\0002\0000\0002\0001}{}% 12
\BOOKMARK [1][-]{section.13}{\376\377\000A\000p\000r\000i\000l\000\040\0008\000,\000\040\0002\0000\0002\0001}{}% 13
\BOOKMARK [1][-]{section.14}{\376\377\000A\000p\000r\000i\000l\000\040\0001\0003\000,\000\040\0002\0000\0002\0001}{}% 14
\BOOKMARK [1][-]{section.15}{\376\377\000A\000p\000r\000i\000l\000\040\0001\0005\000,\000\040\0002\0000\0002\0001}{}% 15
\BOOKMARK [1][-]{section.16}{\376\377\000A\000p\000r\000i\000l\000\040\0002\0002\000,\000\040\0002\0000\0002\0001}{}% 16
\BOOKMARK [1][-]{section.17}{\376\377\000A\000p\000r\000i\000l\000\040\0002\0007\000,\000\040\0002\0000\0002\0001}{}% 17
\BOOKMARK [1][-]{section.18}{\376\377\000A\000p\000r\000i\000l\000\040\0002\0009\000,\000\040\0002\0000\0002\0001}{}% 18
\BOOKMARK [1][-]{section.19}{\376\377\000M\000a\000y\000\040\0004\000,\000\040\0002\0000\0002\0001}{}% 19
\BOOKMARK [1][-]{section.20}{\376\377\000M\000a\000y\000\040\0006\000,\000\040\0002\0000\0002\0001}{}% 20
\BOOKMARK [1][-]{section.21}{\376\377\000M\000a\000y\000\040\0001\0001\000,\000\040\0002\0000\0002\0001}{}% 21
\BOOKMARK [1][-]{section.22}{\376\377\000M\000a\000y\000\040\0001\0003\000,\000\040\0002\0000\0002\0001}{}% 22
